<?xml version="1.0" encoding="UTF-8"?>
<!-- Generated by org.testng.reporters.JUnitReportReporter -->
<testsuite skipped="0" hostname="Prem" name="com.student2.letskodeit2.TestNG_Preserve1" tests="2" failures="0" timestamp="2020-06-16T12:40:31 IST" time="0.041" errors="0">
  <testcase name="testMethod1" time="0.039" classname="com.student2.letskodeit2.TestNG_Preserve1"/>
  <system-out/>
  <testcase name="testMethod2" time="0.002" classname="com.student2.letskodeit2.TestNG_Preserve1"/>
  <system-out/>
</testsuite> <!-- com.student2.letskodeit2.TestNG_Preserve1 -->
